[2025-04-08 17:13:32] [INFO] Iniciando script de acesso ao Cliente Paxos...
[2025-04-08 17:13:32] [INFO] Verificando requisitos...
[2025-04-08 17:13:32] [SUCCESS] Todos os requisitos estão atendidos.
[2025-04-08 17:13:32] [INFO] Verificando se o Cliente 1 está acessível...
[2025-04-08 17:13:32] [SUCCESS] Cliente 1 está acessível.
[2025-04-08 17:13:32] [INFO] Obtendo status do Cliente 1...
[2025-04-08 17:13:32] [REQUEST] GET http://localhost:8401/status
[2025-04-08 17:13:32] [RESPONSE] {"client_id":"client-1","proposer_url":"http://proposer-1:8080","total_operations":20,"completed":0,"failed":21,"in_progress":1,"avg_latency":0.0,"runtime":269.07418870925903,"running":true}
[2025-04-08 17:13:32] [INFO] Cliente ID: client-1
[2025-04-08 17:13:32] [INFO] Proposer URL: http://proposer-1:8080
[2025-04-08 17:13:32] [INFO] Em execução: true
[2025-04-08 17:13:32] [INFO] Obtendo informações do recurso 'R'...
[2025-04-08 17:13:32] [REQUEST] GET http://localhost:8501/resource/R
[2025-04-08 17:13:38] [SUCCESS] Página do recurso carregada com sucesso.
[2025-04-08 17:13:38] [INFO] Obtendo dados do recurso via API...
[2025-04-08 17:13:38] [REQUEST] GET http://localhost:8301/resource/R
[2025-04-08 17:13:38] [WARNING] Não foi possível obter dados diretamente do Cluster Store.
[2025-04-08 17:13:38] [INFO] Preparando para editar o recurso 'R'...
[2025-04-08 17:13:38] [INFO] Novo conteúdo: Recurso R atualizado via script em 2025-04-08 17:13:38
[2025-04-08 17:13:38] [INFO] Enviando operação de edição...
[2025-04-08 17:13:38] [REQUEST] POST http://localhost:8401/api/operation com dados: Recurso R atualizado via script em 2025-04-08 17:13:38
[2025-04-08 17:13:38] [RESPONSE] {"detail":"Not Found"}
[2025-04-08 17:13:38] [ERROR] Falha ao iniciar operação de edição.
[2025-04-08 17:13:38] [INFO] Operação concluída. Verifique o log para detalhes: paxos-client-access-20250408-171332.log
